TN:
SF:knexfile.ts
FN:5,(anonymous_0)
FN:17,(anonymous_1)
FN:37,(anonymous_2)
FNF:3
FNH:3
FNDA:2,(anonymous_0)
FNDA:2,(anonymous_1)
FNDA:2,(anonymous_2)
DA:1,2
DA:7,2
DA:8,2
DA:18,2
DA:38,2
DA:39,2
DA:41,2
DA:53,2
LF:8
LH:8
BRF:0
BRH:0
end_of_record
TN:
SF:src/app.controller.ts
FN:13,(anonymous_2)
FNF:1
FNH:1
FNDA:1,(anonymous_2)
DA:1,1
DA:2,1
DA:3,1
DA:6,1
DA:7,1
DA:9,1
DA:12,1
DA:14,1
DA:16,1
LF:9
LH:9
BRF:0
BRH:0
end_of_record
TN:
SF:src/app.service.ts
FN:5,(anonymous_1)
FNF:1
FNH:1
FNDA:1,(anonymous_1)
DA:1,1
DA:4,1
DA:6,1
LF:3
LH:3
BRF:0
BRH:0
end_of_record
TN:
SF:src/base/base.module.ts
FNF:0
FNH:0
DA:1,3
DA:2,3
DA:9,3
LF:3
LH:3
BRF:0
BRH:0
end_of_record
TN:
SF:src/base/base.repository.ts
FN:8,(anonymous_0)
FN:12,(anonymous_1)
FN:15,(anonymous_2)
FN:20,(anonymous_3)
FN:23,(anonymous_4)
FN:28,(anonymous_5)
FN:34,(anonymous_6)
FN:47,(anonymous_7)
FN:53,(anonymous_8)
FN:62,(anonymous_9)
FN:68,(anonymous_10)
FN:74,(anonymous_11)
FN:79,(anonymous_12)
FN:85,(anonymous_13)
FN:92,(anonymous_14)
FNF:15
FNH:1
FNDA:5,(anonymous_0)
FNDA:0,(anonymous_1)
FNDA:0,(anonymous_2)
FNDA:0,(anonymous_3)
FNDA:0,(anonymous_4)
FNDA:0,(anonymous_5)
FNDA:0,(anonymous_6)
FNDA:0,(anonymous_7)
FNDA:0,(anonymous_8)
FNDA:0,(anonymous_9)
FNDA:0,(anonymous_10)
FNDA:0,(anonymous_11)
FNDA:0,(anonymous_12)
FNDA:0,(anonymous_13)
FNDA:0,(anonymous_14)
DA:1,4
DA:2,4
DA:5,4
DA:9,5
DA:13,0
DA:15,0
DA:16,0
DA:21,0
DA:23,0
DA:24,0
DA:29,0
DA:31,0
DA:38,0
DA:40,0
DA:48,0
DA:50,0
DA:57,0
DA:59,0
DA:63,0
DA:65,0
DA:69,0
DA:71,0
DA:75,0
DA:77,0
DA:80,0
DA:82,0
DA:86,0
DA:88,0
DA:93,0
DA:95,0
LF:30
LH:4
BRF:0
BRH:0
end_of_record
TN:
SF:src/base/base.service.ts
FN:5,(anonymous_1)
FN:11,(anonymous_2)
FN:20,(anonymous_3)
FN:31,(anonymous_4)
FNF:4
FNH:1
FNDA:0,(anonymous_1)
FNDA:0,(anonymous_2)
FNDA:1,(anonymous_3)
FNDA:0,(anonymous_4)
DA:1,4
DA:4,4
DA:5,0
DA:6,0
DA:12,0
DA:19,4
DA:25,1
DA:32,0
LF:8
LH:4
BRDA:22,0,0,1
BRDA:23,1,0,1
BRF:2
BRH:2
end_of_record
TN:
SF:src/base/index.ts
FNF:0
FNH:0
DA:1,3
DA:2,3
DA:3,3
DA:4,3
LF:4
LH:4
BRF:0
BRH:0
end_of_record
TN:
SF:src/configs/configs.module.ts
FNF:0
FNH:0
DA:1,3
DA:2,3
DA:8,3
LF:3
LH:3
BRF:0
BRH:0
end_of_record
TN:
SF:src/configs/index.ts
FNF:0
FNH:0
DA:1,3
DA:2,3
LF:2
LH:2
BRF:0
BRH:0
end_of_record
TN:
SF:src/configs/environments/env.module.ts
FNF:0
FNH:0
DA:1,3
DA:2,3
DA:3,3
DA:19,3
LF:4
LH:4
BRF:0
BRH:0
end_of_record
TN:
SF:src/configs/environments/env.service.ts
FN:7,(anonymous_0)
FN:19,(anonymous_1)
FNF:2
FNH:2
FNDA:9,(anonymous_0)
FNDA:1,(anonymous_1)
DA:1,4
DA:4,4
DA:6,4
DA:8,9
DA:20,1
LF:5
LH:5
BRDA:15,0,0,9
BRDA:15,0,1,0
BRF:2
BRH:1
end_of_record
TN:
SF:src/configs/environments/env.token.ts
FNF:0
FNH:0
DA:1,3
LF:1
LH:1
BRF:0
BRH:0
end_of_record
TN:
SF:src/configs/environments/index.ts
FNF:0
FNH:0
DA:1,3
DA:2,3
DA:3,3
DA:4,3
LF:4
LH:4
BRF:0
BRH:0
end_of_record
TN:
SF:src/database/database.module.ts
FN:14,(anonymous_1)
FNF:1
FNH:0
FNDA:0,(anonymous_1)
DA:1,2
DA:2,2
DA:3,2
DA:4,2
DA:8,2
DA:9,2
DA:11,2
DA:15,0
DA:16,0
DA:22,0
DA:25,0
DA:42,2
LF:12
LH:8
BRF:0
BRH:0
end_of_record
TN:
SF:src/database/database.schema.ts
FNF:0
FNH:0
DA:1,2
DA:2,2
LF:2
LH:2
BRF:0
BRH:0
end_of_record
TN:
SF:src/database/database.tables.ts
FNF:0
FNH:0
DA:1,2
DA:2,2
LF:2
LH:2
BRF:0
BRH:0
end_of_record
TN:
SF:src/database/database.token.ts
FNF:0
FNH:0
DA:1,2
LF:1
LH:1
BRF:0
BRH:0
end_of_record
TN:
SF:src/database/index.ts
FNF:0
FNH:0
DA:1,2
DA:2,2
DA:3,2
DA:4,2
DA:5,2
DA:6,2
LF:6
LH:6
BRF:0
BRH:0
end_of_record
TN:
SF:src/database/models/index.ts
FNF:0
FNH:0
DA:1,2
DA:2,2
LF:2
LH:2
BRF:0
BRH:0
end_of_record
TN:
SF:src/database/models/base/base.module.ts
FNF:0
FNH:0
DA:1,2
DA:2,2
DA:8,2
LF:3
LH:3
BRF:0
BRH:0
end_of_record
TN:
SF:src/database/models/base/base.service.ts
FN:18,(anonymous_0)
FN:25,(anonymous_1)
FN:30,(anonymous_2)
FNF:3
FNH:0
FNDA:0,(anonymous_0)
FNDA:0,(anonymous_1)
FNDA:0,(anonymous_2)
DA:1,3
DA:2,3
DA:11,3
DA:19,0
DA:20,0
DA:21,0
DA:26,0
DA:31,0
LF:8
LH:3
BRF:0
BRH:0
end_of_record
TN:
SF:src/database/models/base/index.ts
FNF:0
FNH:0
DA:1,2
DA:2,2
DA:3,2
LF:3
LH:3
BRF:0
BRH:0
end_of_record
TN:
SF:src/database/models/events/event.module.ts
FNF:0
FNH:0
DA:1,2
DA:2,2
DA:8,2
LF:3
LH:3
BRF:0
BRH:0
end_of_record
TN:
SF:src/database/models/events/event.service.ts
FN:18,(anonymous_0)
FN:22,(anonymous_1)
FNF:2
FNH:0
FNDA:0,(anonymous_0)
FNDA:0,(anonymous_1)
DA:2,2
DA:3,2
DA:4,2
DA:6,2
DA:8,2
DA:19,0
DA:23,0
LF:7
LH:5
BRF:0
BRH:0
end_of_record
TN:
SF:src/database/models/events/event.validation.ts
FNF:0
FNH:0
DA:3,2
LF:1
LH:1
BRF:0
BRH:0
end_of_record
TN:
SF:src/database/models/events/index.ts
FNF:0
FNH:0
DA:1,2
DA:2,2
DA:3,2
DA:4,2
LF:4
LH:4
BRF:0
BRH:0
end_of_record
TN:
SF:src/event/event.controller.ts
FN:28,(anonymous_4)
FN:40,(anonymous_5)
FN:51,(anonymous_6)
FN:62,(anonymous_7)
FN:73,(anonymous_8)
FNF:5
FNH:5
FNDA:1,(anonymous_4)
FNDA:1,(anonymous_5)
FNDA:1,(anonymous_6)
FNDA:1,(anonymous_7)
FNDA:1,(anonymous_8)
DA:1,1
DA:15,1
DA:16,1
DA:19,1
DA:20,1
DA:22,1
DA:28,1
DA:29,1
DA:31,1
DA:40,1
DA:41,1
DA:42,1
DA:51,1
DA:52,1
DA:53,1
DA:62,1
DA:63,1
DA:64,1
DA:73,1
DA:74,1
DA:75,1
LF:21
LH:21
BRF:0
BRH:0
end_of_record
TN:
SF:src/event/event.repository.ts
FN:7,(anonymous_2)
FNF:1
FNH:1
FNDA:5,(anonymous_2)
DA:1,2
DA:2,2
DA:3,2
DA:6,2
DA:8,5
LF:5
LH:5
BRF:0
BRH:0
end_of_record
TN:
SF:src/event/event.service.ts
FN:15,(anonymous_2)
FN:20,(anonymous_3)
FN:30,(anonymous_4)
FN:39,(anonymous_5)
FN:49,(anonymous_6)
FN:58,(anonymous_7)
FN:67,(anonymous_8)
FNF:7
FNH:5
FNDA:12,(anonymous_2)
FNDA:2,(anonymous_3)
FNDA:2,(anonymous_4)
FNDA:2,(anonymous_5)
FNDA:0,(anonymous_6)
FNDA:1,(anonymous_7)
FNDA:0,(anonymous_8)
DA:1,2
DA:7,2
DA:8,2
DA:9,2
DA:14,2
DA:16,12
DA:18,2
DA:21,2
DA:22,2
DA:24,1
DA:31,2
DA:32,2
DA:34,1
DA:40,2
DA:41,2
DA:42,1
DA:44,1
DA:50,0
DA:51,0
DA:53,0
DA:59,1
DA:60,1
DA:62,0
DA:68,0
DA:69,0
DA:71,0
LF:26
LH:19
BRF:0
BRH:0
end_of_record
